<?xml version="1.0" encoding="UTF-8"?>
<!-- Generated by org.testng.reporters.JUnitXMLReporter -->
<testsuite ignored="0" hostname="Yogesh" failures="0" tests="4" name="Test" time="0.045" errors="0" timestamp="2023-04-27T22:08:55 IST">
  <testcase classname="scripts.Tc1" name="demo" time="0.007"/>
  <testcase classname="scripts.Tc2" name="demo" time="0.001"/>
  <testcase classname="scripts.Tc3" name="demo" time="0.002"/>
  <testcase classname="scripts.Tc4" name="demo" time="0.0"/>
</testsuite> <!-- Test -->
